[debug] [2023-10-08T09:44:02.567Z] ----------------------------------------------------------------------
[debug] [2023-10-08T09:44:02.568Z] Command:       /opt/homebrew/Cellar/node/20.3.1_1/bin/node /opt/homebrew/bin/firebase deploy
[debug] [2023-10-08T09:44:02.568Z] CLI Version:   12.4.8
[debug] [2023-10-08T09:44:02.568Z] Platform:      darwin
[debug] [2023-10-08T09:44:02.568Z] Node Version:  v20.3.1
[debug] [2023-10-08T09:44:02.568Z] Time:          Sun Oct 08 2023 12:44:02 GMT+0300 (GMT+03:00)
[debug] [2023-10-08T09:44:02.569Z] ----------------------------------------------------------------------
[debug] 
[debug] [2023-10-08T09:44:02.609Z] > command requires scopes: ["email","openid","https://www.googleapis.com/auth/cloudplatformprojects.readonly","https://www.googleapis.com/auth/firebase","https://www.googleapis.com/auth/cloud-platform"]
[debug] [2023-10-08T09:44:02.610Z] > authorizing via signed-in user (gozaydinkerem9@gmail.com)
[debug] [2023-10-08T09:44:02.610Z] [iam] checking project fire-warrior-c0ce3 for permissions ["cloudfunctions.functions.create","cloudfunctions.functions.delete","cloudfunctions.functions.get","cloudfunctions.functions.list","cloudfunctions.functions.update","cloudfunctions.operations.get","firebase.projects.get"]
[debug] [2023-10-08T09:44:02.611Z] >>> [apiv2][query] POST https://cloudresourcemanager.googleapis.com/v1/projects/fire-warrior-c0ce3:testIamPermissions [none]
[debug] [2023-10-08T09:44:02.611Z] >>> [apiv2][(partial)header] POST https://cloudresourcemanager.googleapis.com/v1/projects/fire-warrior-c0ce3:testIamPermissions x-goog-quota-user=projects/fire-warrior-c0ce3
[debug] [2023-10-08T09:44:02.611Z] >>> [apiv2][body] POST https://cloudresourcemanager.googleapis.com/v1/projects/fire-warrior-c0ce3:testIamPermissions {"permissions":["cloudfunctions.functions.create","cloudfunctions.functions.delete","cloudfunctions.functions.get","cloudfunctions.functions.list","cloudfunctions.functions.update","cloudfunctions.operations.get","firebase.projects.get"]}
[debug] [2023-10-08T09:44:03.564Z] <<< [apiv2][status] POST https://cloudresourcemanager.googleapis.com/v1/projects/fire-warrior-c0ce3:testIamPermissions 200
[debug] [2023-10-08T09:44:03.564Z] <<< [apiv2][body] POST https://cloudresourcemanager.googleapis.com/v1/projects/fire-warrior-c0ce3:testIamPermissions {"permissions":["cloudfunctions.functions.create","cloudfunctions.functions.delete","cloudfunctions.functions.get","cloudfunctions.functions.list","cloudfunctions.functions.update","cloudfunctions.operations.get","firebase.projects.get"]}
[debug] [2023-10-08T09:44:03.565Z] >>> [apiv2][query] POST https://iam.googleapis.com/v1/projects/fire-warrior-c0ce3/serviceAccounts/fire-warrior-c0ce3@appspot.gserviceaccount.com:testIamPermissions [none]
[debug] [2023-10-08T09:44:03.565Z] >>> [apiv2][body] POST https://iam.googleapis.com/v1/projects/fire-warrior-c0ce3/serviceAccounts/fire-warrior-c0ce3@appspot.gserviceaccount.com:testIamPermissions {"permissions":["iam.serviceAccounts.actAs"]}
[debug] [2023-10-08T09:44:04.602Z] <<< [apiv2][status] POST https://iam.googleapis.com/v1/projects/fire-warrior-c0ce3/serviceAccounts/fire-warrior-c0ce3@appspot.gserviceaccount.com:testIamPermissions 200
[debug] [2023-10-08T09:44:04.602Z] <<< [apiv2][body] POST https://iam.googleapis.com/v1/projects/fire-warrior-c0ce3/serviceAccounts/fire-warrior-c0ce3@appspot.gserviceaccount.com:testIamPermissions {"permissions":["iam.serviceAccounts.actAs"]}
[info] 
[info] === Deploying to 'fire-warrior-c0ce3'...
[info] 
[info] i  deploying functions 
[info] Running command: npm --prefix "$RESOURCE_DIR" run lint
[info] ✔  functions: Finished running predeploy script. 
[debug] [2023-10-08T09:44:05.475Z] >>> [apiv2][query] GET https://firebase.googleapis.com/v1beta1/projects/fire-warrior-c0ce3 [none]
[debug] [2023-10-08T09:44:09.164Z] <<< [apiv2][status] GET https://firebase.googleapis.com/v1beta1/projects/fire-warrior-c0ce3 200
[debug] [2023-10-08T09:44:09.164Z] <<< [apiv2][body] GET https://firebase.googleapis.com/v1beta1/projects/fire-warrior-c0ce3 {"projectId":"fire-warrior-c0ce3","projectNumber":"741389921522","displayName":"fire-warrior","name":"projects/fire-warrior-c0ce3","resources":{"hostingSite":"fire-warrior-c0ce3"},"state":"ACTIVE","etag":"1_90f63449-2625-42a7-82c6-384178b00431"}
[info] i  functions: preparing codebase default for deployment 
[info] i  functions: ensuring required API cloudfunctions.googleapis.com is enabled... 
[info] i  functions: ensuring required API cloudbuild.googleapis.com is enabled... 
[info] i  artifactregistry: ensuring required API artifactregistry.googleapis.com is enabled... 
[debug] [2023-10-08T09:44:09.166Z] >>> [apiv2][query] GET https://serviceusage.googleapis.com/v1/projects/fire-warrior-c0ce3/services/cloudfunctions.googleapis.com [none]
[debug] [2023-10-08T09:44:09.167Z] >>> [apiv2][(partial)header] GET https://serviceusage.googleapis.com/v1/projects/fire-warrior-c0ce3/services/cloudfunctions.googleapis.com x-goog-quota-user=projects/fire-warrior-c0ce3
[debug] [2023-10-08T09:44:09.169Z] >>> [apiv2][query] GET https://serviceusage.googleapis.com/v1/projects/fire-warrior-c0ce3/services/runtimeconfig.googleapis.com [none]
[debug] [2023-10-08T09:44:09.169Z] >>> [apiv2][(partial)header] GET https://serviceusage.googleapis.com/v1/projects/fire-warrior-c0ce3/services/runtimeconfig.googleapis.com x-goog-quota-user=projects/fire-warrior-c0ce3
[debug] [2023-10-08T09:44:09.170Z] >>> [apiv2][query] GET https://serviceusage.googleapis.com/v1/projects/fire-warrior-c0ce3/services/cloudbuild.googleapis.com [none]
[debug] [2023-10-08T09:44:09.170Z] >>> [apiv2][(partial)header] GET https://serviceusage.googleapis.com/v1/projects/fire-warrior-c0ce3/services/cloudbuild.googleapis.com x-goog-quota-user=projects/fire-warrior-c0ce3
[debug] [2023-10-08T09:44:09.171Z] >>> [apiv2][query] GET https://serviceusage.googleapis.com/v1/projects/fire-warrior-c0ce3/services/artifactregistry.googleapis.com [none]
[debug] [2023-10-08T09:44:09.171Z] >>> [apiv2][(partial)header] GET https://serviceusage.googleapis.com/v1/projects/fire-warrior-c0ce3/services/artifactregistry.googleapis.com x-goog-quota-user=projects/fire-warrior-c0ce3
[debug] [2023-10-08T09:44:10.376Z] <<< [apiv2][status] GET https://serviceusage.googleapis.com/v1/projects/fire-warrior-c0ce3/services/cloudbuild.googleapis.com 200
[debug] [2023-10-08T09:44:10.376Z] <<< [apiv2][body] GET https://serviceusage.googleapis.com/v1/projects/fire-warrior-c0ce3/services/cloudbuild.googleapis.com [omitted]
[warn] ⚠  functions: missing required API cloudbuild.googleapis.com. Enabling now... 
[debug] [2023-10-08T09:44:10.377Z] >>> [apiv2][query] POST https://serviceusage.googleapis.com/v1/projects/fire-warrior-c0ce3/services/cloudbuild.googleapis.com:enable [none]
[debug] [2023-10-08T09:44:10.377Z] >>> [apiv2][(partial)header] POST https://serviceusage.googleapis.com/v1/projects/fire-warrior-c0ce3/services/cloudbuild.googleapis.com:enable x-goog-quota-user=projects/fire-warrior-c0ce3
[debug] [2023-10-08T09:44:10.379Z] <<< [apiv2][status] GET https://serviceusage.googleapis.com/v1/projects/fire-warrior-c0ce3/services/artifactregistry.googleapis.com 200
[debug] [2023-10-08T09:44:10.379Z] <<< [apiv2][body] GET https://serviceusage.googleapis.com/v1/projects/fire-warrior-c0ce3/services/artifactregistry.googleapis.com [omitted]
[warn] ⚠  artifactregistry: missing required API artifactregistry.googleapis.com. Enabling now... 
[debug] [2023-10-08T09:44:10.380Z] >>> [apiv2][query] POST https://serviceusage.googleapis.com/v1/projects/fire-warrior-c0ce3/services/artifactregistry.googleapis.com:enable [none]
[debug] [2023-10-08T09:44:10.380Z] >>> [apiv2][(partial)header] POST https://serviceusage.googleapis.com/v1/projects/fire-warrior-c0ce3/services/artifactregistry.googleapis.com:enable x-goog-quota-user=projects/fire-warrior-c0ce3
[debug] [2023-10-08T09:44:10.381Z] <<< [apiv2][status] GET https://serviceusage.googleapis.com/v1/projects/fire-warrior-c0ce3/services/runtimeconfig.googleapis.com 200
[debug] [2023-10-08T09:44:10.381Z] <<< [apiv2][body] GET https://serviceusage.googleapis.com/v1/projects/fire-warrior-c0ce3/services/runtimeconfig.googleapis.com [omitted]
[debug] [2023-10-08T09:44:10.383Z] <<< [apiv2][status] GET https://serviceusage.googleapis.com/v1/projects/fire-warrior-c0ce3/services/cloudfunctions.googleapis.com 200
[debug] [2023-10-08T09:44:10.383Z] <<< [apiv2][body] GET https://serviceusage.googleapis.com/v1/projects/fire-warrior-c0ce3/services/cloudfunctions.googleapis.com [omitted]
[info] ✔  functions: required API cloudfunctions.googleapis.com is enabled 
[debug] [2023-10-08T09:44:11.454Z] <<< [apiv2][status] POST https://serviceusage.googleapis.com/v1/projects/fire-warrior-c0ce3/services/cloudbuild.googleapis.com:enable 200
[debug] [2023-10-08T09:44:11.454Z] <<< [apiv2][body] POST https://serviceusage.googleapis.com/v1/projects/fire-warrior-c0ce3/services/cloudbuild.googleapis.com:enable [omitted]
[debug] [2023-10-08T09:44:12.242Z] <<< [apiv2][status] POST https://serviceusage.googleapis.com/v1/projects/fire-warrior-c0ce3/services/artifactregistry.googleapis.com:enable 200
[debug] [2023-10-08T09:44:12.243Z] <<< [apiv2][body] POST https://serviceusage.googleapis.com/v1/projects/fire-warrior-c0ce3/services/artifactregistry.googleapis.com:enable [omitted]
[debug] [2023-10-08T09:44:21.456Z] >>> [apiv2][query] GET https://serviceusage.googleapis.com/v1/projects/fire-warrior-c0ce3/services/cloudbuild.googleapis.com [none]
[debug] [2023-10-08T09:44:21.456Z] >>> [apiv2][(partial)header] GET https://serviceusage.googleapis.com/v1/projects/fire-warrior-c0ce3/services/cloudbuild.googleapis.com x-goog-quota-user=projects/fire-warrior-c0ce3
[debug] [2023-10-08T09:44:22.245Z] >>> [apiv2][query] GET https://serviceusage.googleapis.com/v1/projects/fire-warrior-c0ce3/services/artifactregistry.googleapis.com [none]
[debug] [2023-10-08T09:44:22.246Z] >>> [apiv2][(partial)header] GET https://serviceusage.googleapis.com/v1/projects/fire-warrior-c0ce3/services/artifactregistry.googleapis.com x-goog-quota-user=projects/fire-warrior-c0ce3
[debug] [2023-10-08T09:44:22.693Z] <<< [apiv2][status] GET https://serviceusage.googleapis.com/v1/projects/fire-warrior-c0ce3/services/cloudbuild.googleapis.com 200
[debug] [2023-10-08T09:44:22.694Z] <<< [apiv2][body] GET https://serviceusage.googleapis.com/v1/projects/fire-warrior-c0ce3/services/cloudbuild.googleapis.com [omitted]
[info] ✔  functions: required API cloudbuild.googleapis.com is enabled 
[debug] [2023-10-08T09:44:23.324Z] <<< [apiv2][status] GET https://serviceusage.googleapis.com/v1/projects/fire-warrior-c0ce3/services/artifactregistry.googleapis.com 200
[debug] [2023-10-08T09:44:23.324Z] <<< [apiv2][body] GET https://serviceusage.googleapis.com/v1/projects/fire-warrior-c0ce3/services/artifactregistry.googleapis.com [omitted]
[info] ✔  artifactregistry: required API artifactregistry.googleapis.com is enabled 
[debug] [2023-10-08T09:44:23.326Z] >>> [apiv2][query] GET https://firebase.googleapis.com/v1beta1/projects/fire-warrior-c0ce3/adminSdkConfig [none]
[debug] [2023-10-08T09:44:23.673Z] <<< [apiv2][status] GET https://firebase.googleapis.com/v1beta1/projects/fire-warrior-c0ce3/adminSdkConfig 200
[debug] [2023-10-08T09:44:23.674Z] <<< [apiv2][body] GET https://firebase.googleapis.com/v1beta1/projects/fire-warrior-c0ce3/adminSdkConfig {"projectId":"fire-warrior-c0ce3","storageBucket":"fire-warrior-c0ce3.appspot.com"}
[debug] [2023-10-08T09:44:23.674Z] >>> [apiv2][query] GET https://runtimeconfig.googleapis.com/v1beta1/projects/fire-warrior-c0ce3/configs [none]
[debug] [2023-10-08T09:44:24.167Z] <<< [apiv2][status] GET https://runtimeconfig.googleapis.com/v1beta1/projects/fire-warrior-c0ce3/configs 200
[debug] [2023-10-08T09:44:24.168Z] <<< [apiv2][body] GET https://runtimeconfig.googleapis.com/v1beta1/projects/fire-warrior-c0ce3/configs {}
[debug] [2023-10-08T09:44:24.170Z] Validating nodejs source
[debug] [2023-10-08T09:44:24.608Z] > [functions] package.json contents: {
  "name": "functions",
  "description": "Cloud Functions for Firebase",
  "scripts": {
    "lint": "eslint .",
    "serve": "firebase emulators:start --only functions",
    "shell": "firebase functions:shell",
    "start": "npm run shell",
    "deploy": "firebase deploy --only functions",
    "logs": "firebase functions:log"
  },
  "engines": {
    "node": "18"
  },
  "main": "index.js",
  "dependencies": {
    "csvtojson": "^2.0.10",
    "firebase-admin": "^11.8.0",
    "firebase-functions": "^4.3.1",
    "twitter-api-v2": "^1.15.1"
  },
  "devDependencies": {
    "eslint": "^8.15.0",
    "eslint-config-google": "^0.14.0",
    "firebase-functions-test": "^3.1.0"
  },
  "private": true
}
[debug] [2023-10-08T09:44:24.608Z] Building nodejs source
[info] i  functions: Loading and analyzing source code for codebase default to determine what to deploy 
[debug] [2023-10-08T09:44:24.609Z] Could not find functions.yaml. Must use http discovery
[debug] [2023-10-08T09:44:24.613Z] Found firebase-functions binary at '/Users/keremgozaydin/Desktop/hobi/fire-warrior/functions/node_modules/.bin/firebase-functions'
[info] Serving at port 8950

[debug] [2023-10-08T09:44:25.104Z] Got response from /__/functions.yaml {"endpoints":{"tweet":{"availableMemoryMb":null,"timeoutSeconds":null,"minInstances":null,"maxInstances":null,"ingressSettings":null,"concurrency":null,"serviceAccountEmail":null,"vpc":null,"platform":"gcfv2","labels":{},"scheduleTrigger":{"schedule":"0 */4 * *","retryConfig":{"retryCount":null,"maxDoublings":null,"maxRetrySeconds":null,"minBackoffSeconds":null,"maxBackoffSeconds":null},"timeZone":null},"entryPoint":"tweet"}},"specVersion":"v1alpha1","requiredAPIs":[{"api":"cloudscheduler.googleapis.com","reason":"Needed for scheduled functions."}]}
[info] ApiResponseError: Request failed with code 403
    at RequestHandlerHelper.createResponseError (/Users/keremgozaydin/Desktop/hobi/fire-warrior/functions/node_modules/twitter-api-v2/dist/cjs/client-mixins/request-handler.helper.js:103:16)
    at RequestHandlerHelper.onResponseEndHandler (/Users/keremgozaydin/Desktop/hobi/fire-warrior/functions/node_modules/twitter-api-v2/dist/cjs/client-mixins/request-handler.helper.js:252:25)
    at Gunzip.emit (node:events:511:28)
    at endReadableNT (node:internal/streams/readable:1367:12)
    at process.processTicksAndRejections (node:internal/process/task_queues:82:21) {
  error: true,
  type: 'response',
  code: 403,
  headers: {
    date: 'Sun, 08 Oct 2023 09:44:26 UTC',
    perf: '7626143928',
    server: 'tsa_o',
    'set-cookie': [
      'guest_id_marketing=v1%3A169675826626743177; Max-Age=63072000; Expires=Tue, 07 Oct 2025 09:44:26 GMT; Path=/; Domain=.twitter.com; Secure; SameSite=None',
      'guest_id_ads=v1%3A169675826626743177; Max-Age=63072000; Expires=Tue, 07 Oct 2025 09:44:26 GMT; Path=/; Domain=.twitter.com; Secure; SameSite=None',
      'personalization_id="v1_zm1EFheznnPfsdsXXhDCpw=="; Max-Age=63072000; Expires=Tue, 07 Oct 2025 09:44:26 GMT; Path=/; Domain=.twitter.com; Secure; SameSite=None',
      'guest_id=v1%3A169675826626743177; Max-Age=63072000; Expires=Tue, 07 Oct 2025 09:44:26 GMT; Path=/; Domain=.twitter.com; Secure; SameSite=None'
    ],
    'api-version': '2.74',
    'content-type': 'application/json; charset=utf-8',
    'cache-control': 'no-cache, no-store, max-age=0',
    'content-length': '131',
    'x-access-level': 'read-write',
    'x-frame-options': 'SAMEORIGIN',
    'content-encoding': 'gzip',
    'x-transaction-id': 'f73e3ef800a81d30',
    'x-xss-protection': '0',
    'x-rate-limit-limit': '40000',
    'x-rate-limit-reset': '1696758325',
    'content-disposition': 'attachment; filename=json.json',
    'x-content-type-options': 'nosniff',
    'x-rate-limit-remaining': '39997',
    'x-app-limit-24hour-limit': '50',
    'x-app-limit-24hour-reset': '1696843825',
    'strict-transport-security': 'max-age=631138519',
    'x-user-limit-24hour-limit': '50',
    'x-user-limit-24hour-reset': '1696843825',
    'x-app-limit-24hour-remaining': '47',
    'x-user-limit-24hour-remaining': '47',
    'x-response-time': '154',
    'x-connection-hash': '7a94c4f48cbb4493b10ce3f062be3e246db7f96a267ad4e73f7dcc54213969ad'
  },
  rateLimit: { limit: 40000, remaining: 39997, reset: 1696758325 },
  data: {
    detail: 'You are not allowed to create a Tweet with duplicate content.',
    type: 'about:blank',
    title: 'Forbidden',
    status: 403
  }
}

[info] shutdown requested via /__/quitquitquit

[info] i  functions: preparing functions directory for uploading... 
[info] i  functions: packaged /Users/keremgozaydin/Desktop/hobi/fire-warrior/functions (75.71 KB) for uploading 
[debug] [2023-10-08T09:44:30.155Z] >>> [apiv2][query] GET https://cloudfunctions.googleapis.com/v1/projects/fire-warrior-c0ce3/locations/-/functions [none]
[debug] [2023-10-08T09:44:33.939Z] <<< [apiv2][status] GET https://cloudfunctions.googleapis.com/v1/projects/fire-warrior-c0ce3/locations/-/functions 200
[debug] [2023-10-08T09:44:33.939Z] <<< [apiv2][body] GET https://cloudfunctions.googleapis.com/v1/projects/fire-warrior-c0ce3/locations/-/functions {}
[debug] [2023-10-08T09:44:33.940Z] >>> [apiv2][query] GET https://cloudfunctions.googleapis.com/v2/projects/fire-warrior-c0ce3/locations/-/functions filter=environment%3D%22GEN_2%22
[debug] [2023-10-08T09:44:34.955Z] <<< [apiv2][status] GET https://cloudfunctions.googleapis.com/v2/projects/fire-warrior-c0ce3/locations/-/functions 200
[debug] [2023-10-08T09:44:34.955Z] <<< [apiv2][body] GET https://cloudfunctions.googleapis.com/v2/projects/fire-warrior-c0ce3/locations/-/functions {}
[info] i  functions: ensuring required API cloudscheduler.googleapis.com is enabled... 
[debug] [2023-10-08T09:44:34.958Z] >>> [apiv2][query] GET https://serviceusage.googleapis.com/v1/projects/fire-warrior-c0ce3/services/cloudscheduler.googleapis.com [none]
[debug] [2023-10-08T09:44:34.958Z] >>> [apiv2][(partial)header] GET https://serviceusage.googleapis.com/v1/projects/fire-warrior-c0ce3/services/cloudscheduler.googleapis.com x-goog-quota-user=projects/fire-warrior-c0ce3
[debug] [2023-10-08T09:44:36.083Z] <<< [apiv2][status] GET https://serviceusage.googleapis.com/v1/projects/fire-warrior-c0ce3/services/cloudscheduler.googleapis.com 200
[debug] [2023-10-08T09:44:36.083Z] <<< [apiv2][body] GET https://serviceusage.googleapis.com/v1/projects/fire-warrior-c0ce3/services/cloudscheduler.googleapis.com [omitted]
[info] ✔  functions: required API cloudscheduler.googleapis.com is enabled 
[info] i  functions: ensuring required API run.googleapis.com is enabled... 
[info] i  functions: ensuring required API eventarc.googleapis.com is enabled... 
[info] i  functions: ensuring required API pubsub.googleapis.com is enabled... 
[info] i  functions: ensuring required API storage.googleapis.com is enabled... 
[debug] [2023-10-08T09:44:36.084Z] >>> [apiv2][query] GET https://serviceusage.googleapis.com/v1/projects/fire-warrior-c0ce3/services/run.googleapis.com [none]
[debug] [2023-10-08T09:44:36.084Z] >>> [apiv2][(partial)header] GET https://serviceusage.googleapis.com/v1/projects/fire-warrior-c0ce3/services/run.googleapis.com x-goog-quota-user=projects/fire-warrior-c0ce3
[debug] [2023-10-08T09:44:36.085Z] >>> [apiv2][query] GET https://serviceusage.googleapis.com/v1/projects/fire-warrior-c0ce3/services/eventarc.googleapis.com [none]
[debug] [2023-10-08T09:44:36.085Z] >>> [apiv2][(partial)header] GET https://serviceusage.googleapis.com/v1/projects/fire-warrior-c0ce3/services/eventarc.googleapis.com x-goog-quota-user=projects/fire-warrior-c0ce3
[debug] [2023-10-08T09:44:36.087Z] >>> [apiv2][query] GET https://serviceusage.googleapis.com/v1/projects/fire-warrior-c0ce3/services/pubsub.googleapis.com [none]
[debug] [2023-10-08T09:44:36.087Z] >>> [apiv2][(partial)header] GET https://serviceusage.googleapis.com/v1/projects/fire-warrior-c0ce3/services/pubsub.googleapis.com x-goog-quota-user=projects/fire-warrior-c0ce3
[debug] [2023-10-08T09:44:36.089Z] >>> [apiv2][query] GET https://serviceusage.googleapis.com/v1/projects/fire-warrior-c0ce3/services/storage.googleapis.com [none]
[debug] [2023-10-08T09:44:36.089Z] >>> [apiv2][(partial)header] GET https://serviceusage.googleapis.com/v1/projects/fire-warrior-c0ce3/services/storage.googleapis.com x-goog-quota-user=projects/fire-warrior-c0ce3
[debug] [2023-10-08T09:44:37.129Z] <<< [apiv2][status] GET https://serviceusage.googleapis.com/v1/projects/fire-warrior-c0ce3/services/run.googleapis.com 200
[debug] [2023-10-08T09:44:37.129Z] <<< [apiv2][body] GET https://serviceusage.googleapis.com/v1/projects/fire-warrior-c0ce3/services/run.googleapis.com [omitted]
[warn] ⚠  functions: missing required API run.googleapis.com. Enabling now... 
[debug] [2023-10-08T09:44:37.130Z] >>> [apiv2][query] POST https://serviceusage.googleapis.com/v1/projects/fire-warrior-c0ce3/services/run.googleapis.com:enable [none]
[debug] [2023-10-08T09:44:37.130Z] >>> [apiv2][(partial)header] POST https://serviceusage.googleapis.com/v1/projects/fire-warrior-c0ce3/services/run.googleapis.com:enable x-goog-quota-user=projects/fire-warrior-c0ce3
[debug] [2023-10-08T09:44:37.175Z] <<< [apiv2][status] GET https://serviceusage.googleapis.com/v1/projects/fire-warrior-c0ce3/services/eventarc.googleapis.com 200
[debug] [2023-10-08T09:44:37.175Z] <<< [apiv2][body] GET https://serviceusage.googleapis.com/v1/projects/fire-warrior-c0ce3/services/eventarc.googleapis.com [omitted]
[warn] ⚠  functions: missing required API eventarc.googleapis.com. Enabling now... 
[debug] [2023-10-08T09:44:37.176Z] >>> [apiv2][query] POST https://serviceusage.googleapis.com/v1/projects/fire-warrior-c0ce3/services/eventarc.googleapis.com:enable [none]
[debug] [2023-10-08T09:44:37.176Z] >>> [apiv2][(partial)header] POST https://serviceusage.googleapis.com/v1/projects/fire-warrior-c0ce3/services/eventarc.googleapis.com:enable x-goog-quota-user=projects/fire-warrior-c0ce3
[debug] [2023-10-08T09:44:37.178Z] <<< [apiv2][status] GET https://serviceusage.googleapis.com/v1/projects/fire-warrior-c0ce3/services/pubsub.googleapis.com 200
[debug] [2023-10-08T09:44:37.178Z] <<< [apiv2][body] GET https://serviceusage.googleapis.com/v1/projects/fire-warrior-c0ce3/services/pubsub.googleapis.com [omitted]
[info] ✔  functions: required API pubsub.googleapis.com is enabled 
[debug] [2023-10-08T09:44:37.178Z] <<< [apiv2][status] GET https://serviceusage.googleapis.com/v1/projects/fire-warrior-c0ce3/services/storage.googleapis.com 200
[debug] [2023-10-08T09:44:37.178Z] <<< [apiv2][body] GET https://serviceusage.googleapis.com/v1/projects/fire-warrior-c0ce3/services/storage.googleapis.com [omitted]
[info] ✔  functions: required API storage.googleapis.com is enabled 
[debug] [2023-10-08T09:44:38.210Z] <<< [apiv2][status] POST https://serviceusage.googleapis.com/v1/projects/fire-warrior-c0ce3/services/eventarc.googleapis.com:enable 200
[debug] [2023-10-08T09:44:38.211Z] <<< [apiv2][body] POST https://serviceusage.googleapis.com/v1/projects/fire-warrior-c0ce3/services/eventarc.googleapis.com:enable [omitted]
[debug] [2023-10-08T09:44:38.926Z] <<< [apiv2][status] POST https://serviceusage.googleapis.com/v1/projects/fire-warrior-c0ce3/services/run.googleapis.com:enable 200
[debug] [2023-10-08T09:44:38.926Z] <<< [apiv2][body] POST https://serviceusage.googleapis.com/v1/projects/fire-warrior-c0ce3/services/run.googleapis.com:enable [omitted]
[debug] [2023-10-08T09:44:48.212Z] >>> [apiv2][query] GET https://serviceusage.googleapis.com/v1/projects/fire-warrior-c0ce3/services/eventarc.googleapis.com [none]
[debug] [2023-10-08T09:44:48.213Z] >>> [apiv2][(partial)header] GET https://serviceusage.googleapis.com/v1/projects/fire-warrior-c0ce3/services/eventarc.googleapis.com x-goog-quota-user=projects/fire-warrior-c0ce3
[debug] [2023-10-08T09:44:48.928Z] >>> [apiv2][query] GET https://serviceusage.googleapis.com/v1/projects/fire-warrior-c0ce3/services/run.googleapis.com [none]
[debug] [2023-10-08T09:44:48.928Z] >>> [apiv2][(partial)header] GET https://serviceusage.googleapis.com/v1/projects/fire-warrior-c0ce3/services/run.googleapis.com x-goog-quota-user=projects/fire-warrior-c0ce3
[debug] [2023-10-08T09:44:49.317Z] <<< [apiv2][status] GET https://serviceusage.googleapis.com/v1/projects/fire-warrior-c0ce3/services/eventarc.googleapis.com 200
[debug] [2023-10-08T09:44:49.317Z] <<< [apiv2][body] GET https://serviceusage.googleapis.com/v1/projects/fire-warrior-c0ce3/services/eventarc.googleapis.com [omitted]
[info] ✔  functions: required API eventarc.googleapis.com is enabled 
[debug] [2023-10-08T09:44:50.057Z] <<< [apiv2][status] GET https://serviceusage.googleapis.com/v1/projects/fire-warrior-c0ce3/services/run.googleapis.com 200
[debug] [2023-10-08T09:44:50.057Z] <<< [apiv2][body] GET https://serviceusage.googleapis.com/v1/projects/fire-warrior-c0ce3/services/run.googleapis.com [omitted]
[info] ✔  functions: required API run.googleapis.com is enabled 
[info] i  functions: generating the service identity for pubsub.googleapis.com... 
[info] i  functions: generating the service identity for eventarc.googleapis.com... 
[debug] [2023-10-08T09:44:50.061Z] >>> [apiv2][query] POST https://serviceusage.googleapis.com/v1beta1/projects/741389921522/services/pubsub.googleapis.com:generateServiceIdentity [none]
[debug] [2023-10-08T09:44:50.061Z] >>> [apiv2][query] POST https://serviceusage.googleapis.com/v1beta1/projects/741389921522/services/eventarc.googleapis.com:generateServiceIdentity [none]
[debug] [2023-10-08T09:44:51.557Z] <<< [apiv2][status] POST https://serviceusage.googleapis.com/v1beta1/projects/741389921522/services/pubsub.googleapis.com:generateServiceIdentity 200
[debug] [2023-10-08T09:44:51.557Z] <<< [apiv2][body] POST https://serviceusage.googleapis.com/v1beta1/projects/741389921522/services/pubsub.googleapis.com:generateServiceIdentity {"name":"operations/finished.DONE_OPERATION","done":true,"response":{"@type":"type.googleapis.com/google.api.serviceusage.v1beta1.ServiceIdentity","email":"service-741389921522@gcp-sa-pubsub.iam.gserviceaccount.com","uniqueId":"110370780774549175636"}}
[debug] [2023-10-08T09:44:51.722Z] <<< [apiv2][status] POST https://serviceusage.googleapis.com/v1beta1/projects/741389921522/services/eventarc.googleapis.com:generateServiceIdentity 200
[debug] [2023-10-08T09:44:51.722Z] <<< [apiv2][body] POST https://serviceusage.googleapis.com/v1beta1/projects/741389921522/services/eventarc.googleapis.com:generateServiceIdentity {"name":"operations/finished.DONE_OPERATION","done":true,"response":{"@type":"type.googleapis.com/google.api.serviceusage.v1beta1.ServiceIdentity","email":"service-741389921522@gcp-sa-eventarc.iam.gserviceaccount.com","uniqueId":"115383366070932197760"}}
[debug] [2023-10-08T09:44:51.724Z] >>> [apiv2][query] GET https://firebase.googleapis.com/v1beta1/projects/fire-warrior-c0ce3 [none]
[debug] [2023-10-08T09:44:52.054Z] <<< [apiv2][status] GET https://firebase.googleapis.com/v1beta1/projects/fire-warrior-c0ce3 200
[debug] [2023-10-08T09:44:52.054Z] <<< [apiv2][body] GET https://firebase.googleapis.com/v1beta1/projects/fire-warrior-c0ce3 {"projectId":"fire-warrior-c0ce3","projectNumber":"741389921522","displayName":"fire-warrior","name":"projects/fire-warrior-c0ce3","resources":{"hostingSite":"fire-warrior-c0ce3"},"state":"ACTIVE","etag":"1_90f63449-2625-42a7-82c6-384178b00431"}
[debug] [2023-10-08T09:44:52.056Z] >>> [apiv2][query] POST https://cloudfunctions.googleapis.com/v2/projects/fire-warrior-c0ce3/locations/us-central1/functions:generateUploadUrl [none]
[debug] [2023-10-08T09:44:53.995Z] <<< [apiv2][status] POST https://cloudfunctions.googleapis.com/v2/projects/fire-warrior-c0ce3/locations/us-central1/functions:generateUploadUrl 200
[debug] [2023-10-08T09:44:53.995Z] <<< [apiv2][body] POST https://cloudfunctions.googleapis.com/v2/projects/fire-warrior-c0ce3/locations/us-central1/functions:generateUploadUrl {"uploadUrl":"https://storage.googleapis.com/gcf-v2-uploads-741389921522-us-central1/b79d7c7c-672c-4a16-b1fc-06a7f64a34f6.zip?GoogleAccessId=service-741389921522@gcf-admin-robot.iam.gserviceaccount.com&Expires=1696760093&Signature=CxXCGlmBzrQHuDkmTELRAGwy%2B1Es0D7vKMu8450zS01Y%2B38zzz68tAoCcAfuRo%2Buq2Y6dZUtkC2I5ZEccyHUySh2oImr464Uw93KZ2a3Yo3EsNaXSzwhVhCwJDJ5DNB5%2FrSIShP75n2LszqMk654by1VXhpYRH2vPObT5CxZ8hfMPWD1cReXSC9RfOS1NbznxS21M2SPO0kfDohR0rcVxnkBL0PnMpJRxyCIKTD6Ffw5BkDRaPfWrNYhTGCj2LgyvjPbWq%2BB55fqk53PgVSuZ5jb4iBYkLQaVbgDCBMEUaVutMtj7kNkTUlJ54xB13k%2BNxlCIP2yI8Rm28vm6d7Zdw%3D%3D","storageSource":{"bucket":"gcf-v2-uploads-741389921522-us-central1","object":"b79d7c7c-672c-4a16-b1fc-06a7f64a34f6.zip"}}
[debug] [2023-10-08T09:44:53.997Z] >>> [apiv2][query] PUT https://storage.googleapis.com/gcf-v2-uploads-741389921522-us-central1/b79d7c7c-672c-4a16-b1fc-06a7f64a34f6.zip GoogleAccessId=service-741389921522%40gcf-admin-robot.iam.gserviceaccount.com&Expires=1696760093&Signature=CxXCGlmBzrQHuDkmTELRAGwy%2B1Es0D7vKMu8450zS01Y%2B38zzz68tAoCcAfuRo%2Buq2Y6dZUtkC2I5ZEccyHUySh2oImr464Uw93KZ2a3Yo3EsNaXSzwhVhCwJDJ5DNB5%2FrSIShP75n2LszqMk654by1VXhpYRH2vPObT5CxZ8hfMPWD1cReXSC9RfOS1NbznxS21M2SPO0kfDohR0rcVxnkBL0PnMpJRxyCIKTD6Ffw5BkDRaPfWrNYhTGCj2LgyvjPbWq%2BB55fqk53PgVSuZ5jb4iBYkLQaVbgDCBMEUaVutMtj7kNkTUlJ54xB13k%2BNxlCIP2yI8Rm28vm6d7Zdw%3D%3D
[debug] [2023-10-08T09:44:53.997Z] >>> [apiv2][body] PUT https://storage.googleapis.com/gcf-v2-uploads-741389921522-us-central1/b79d7c7c-672c-4a16-b1fc-06a7f64a34f6.zip [stream]
[debug] [2023-10-08T09:44:55.466Z] <<< [apiv2][status] PUT https://storage.googleapis.com/gcf-v2-uploads-741389921522-us-central1/b79d7c7c-672c-4a16-b1fc-06a7f64a34f6.zip 200
[debug] [2023-10-08T09:44:55.466Z] <<< [apiv2][body] PUT https://storage.googleapis.com/gcf-v2-uploads-741389921522-us-central1/b79d7c7c-672c-4a16-b1fc-06a7f64a34f6.zip [omitted]
[info] ✔  functions: functions folder uploaded successfully 
[info] i  functions: creating Node.js 18 (2nd Gen) function tweet(us-central1)... 
[debug] [2023-10-08T09:44:55.470Z] >>> [apiv2][query] POST https://cloudfunctions.googleapis.com/v2/projects/fire-warrior-c0ce3/locations/us-central1/functions functionId=tweet
[debug] [2023-10-08T09:44:55.470Z] >>> [apiv2][body] POST https://cloudfunctions.googleapis.com/v2/projects/fire-warrior-c0ce3/locations/us-central1/functions {"name":"projects/fire-warrior-c0ce3/locations/us-central1/functions/tweet","buildConfig":{"runtime":"nodejs18","entryPoint":"tweet","source":{"storageSource":{"bucket":"gcf-v2-uploads-741389921522-us-central1","object":"b79d7c7c-672c-4a16-b1fc-06a7f64a34f6.zip"}},"environmentVariables":{"GOOGLE_NODE_RUN_SCRIPTS":""}},"serviceConfig":{"environmentVariables":{"FIREBASE_CONFIG":"{\"projectId\":\"fire-warrior-c0ce3\",\"storageBucket\":\"fire-warrior-c0ce3.appspot.com\"}","GCLOUD_PROJECT":"fire-warrior-c0ce3","EVENTARC_CLOUD_EVENT_SOURCE":"projects/fire-warrior-c0ce3/locations/us-central1/services/tweet"},"ingressSettings":null,"timeoutSeconds":null,"serviceAccountEmail":null,"availableMemory":"256Mi","minInstanceCount":null,"maxInstanceCount":null,"maxInstanceRequestConcurrency":80,"availableCpu":"1","vpcConnector":null,"vpcConnectorEgressSettings":null},"labels":{"deployment-tool":"cli-firebase","deployment-scheduled":"true","firebase-functions-hash":"91d51b609588b84aae3f3c6143a62267ad02bd40"}}
[debug] [2023-10-08T09:44:57.191Z] <<< [apiv2][status] POST https://cloudfunctions.googleapis.com/v2/projects/fire-warrior-c0ce3/locations/us-central1/functions 200
[debug] [2023-10-08T09:44:57.192Z] <<< [apiv2][body] POST https://cloudfunctions.googleapis.com/v2/projects/fire-warrior-c0ce3/locations/us-central1/functions {"name":"projects/fire-warrior-c0ce3/locations/us-central1/operations/operation-1696758296213-607315383f8df-5f2e8c58-276eff9f","metadata":{"@type":"type.googleapis.com/google.cloud.functions.v2.OperationMetadata","createTime":"2023-10-08T09:44:57.120201995Z","target":"projects/fire-warrior-c0ce3/locations/us-central1/functions/tweet","verb":"create","cancelRequested":false,"apiVersion":"v2"},"done":false}
[debug] [2023-10-08T09:44:57.193Z] >>> [apiv2][query] GET https://cloudfunctions.googleapis.com/v2/projects/fire-warrior-c0ce3/locations/us-central1/operations/operation-1696758296213-607315383f8df-5f2e8c58-276eff9f [none]
[debug] [2023-10-08T09:44:58.113Z] <<< [apiv2][status] GET https://cloudfunctions.googleapis.com/v2/projects/fire-warrior-c0ce3/locations/us-central1/operations/operation-1696758296213-607315383f8df-5f2e8c58-276eff9f 200
[debug] [2023-10-08T09:44:58.114Z] <<< [apiv2][body] GET https://cloudfunctions.googleapis.com/v2/projects/fire-warrior-c0ce3/locations/us-central1/operations/operation-1696758296213-607315383f8df-5f2e8c58-276eff9f {"name":"projects/fire-warrior-c0ce3/locations/us-central1/operations/operation-1696758296213-607315383f8df-5f2e8c58-276eff9f","metadata":{"@type":"type.googleapis.com/google.cloud.functions.v2.OperationMetadata","createTime":"2023-10-08T09:44:57.120201995Z","target":"projects/fire-warrior-c0ce3/locations/us-central1/functions/tweet","verb":"create","cancelRequested":false,"apiVersion":"v2","requestResource":{"@type":"type.googleapis.com/google.cloud.functions.v2.Function","name":"projects/fire-warrior-c0ce3/locations/us-central1/functions/tweet","buildConfig":{"runtime":"nodejs18","entryPoint":"tweet","source":{"storageSource":{"bucket":"gcf-v2-sources-741389921522-us-central1","object":"tweet/function-source.zip","generation":"1696758296732429"}},"environmentVariables":{"GOOGLE_NODE_RUN_SCRIPTS":""}},"serviceConfig":{"service":"projects/fire-warrior-c0ce3/locations/us-central1/services/tweet","timeoutSeconds":60,"environmentVariables":{"FIREBASE_CONFIG":"{\"projectId\":\"fire-warrior-c0ce3\",\"storageBucket\":\"fire-warrior-c0ce3.appspot.com\"}","GCLOUD_PROJECT":"fire-warrior-c0ce3","EVENTARC_CLOUD_EVENT_SOURCE":"projects/fire-warrior-c0ce3/locations/us-central1/services/tweet"},"maxInstanceCount":100,"ingressSettings":"ALLOW_ALL","serviceAccountEmail":"741389921522-compute@developer.gserviceaccount.com","availableMemory":"256Mi","maxInstanceRequestConcurrency":80,"availableCpu":"1"},"labels":{"deployment-tool":"cli-firebase","deployment-scheduled":"true","firebase-functions-hash":"91d51b609588b84aae3f3c6143a62267ad02bd40"},"environment":"GEN_2"},"stages":[{"name":"BUILD","state":"NOT_STARTED"},{"name":"SERVICE","state":"NOT_STARTED"}]},"done":false}
[debug] [2023-10-08T09:44:58.616Z] [create-default-us-central1-tweet] Retrying task index 0
[debug] [2023-10-08T09:44:58.617Z] >>> [apiv2][query] GET https://cloudfunctions.googleapis.com/v2/projects/fire-warrior-c0ce3/locations/us-central1/operations/operation-1696758296213-607315383f8df-5f2e8c58-276eff9f [none]
[debug] [2023-10-08T09:44:59.358Z] <<< [apiv2][status] GET https://cloudfunctions.googleapis.com/v2/projects/fire-warrior-c0ce3/locations/us-central1/operations/operation-1696758296213-607315383f8df-5f2e8c58-276eff9f 200
[debug] [2023-10-08T09:44:59.359Z] <<< [apiv2][body] GET https://cloudfunctions.googleapis.com/v2/projects/fire-warrior-c0ce3/locations/us-central1/operations/operation-1696758296213-607315383f8df-5f2e8c58-276eff9f {"name":"projects/fire-warrior-c0ce3/locations/us-central1/operations/operation-1696758296213-607315383f8df-5f2e8c58-276eff9f","metadata":{"@type":"type.googleapis.com/google.cloud.functions.v2.OperationMetadata","createTime":"2023-10-08T09:44:57.120201995Z","target":"projects/fire-warrior-c0ce3/locations/us-central1/functions/tweet","verb":"create","cancelRequested":false,"apiVersion":"v2","requestResource":{"@type":"type.googleapis.com/google.cloud.functions.v2.Function","name":"projects/fire-warrior-c0ce3/locations/us-central1/functions/tweet","buildConfig":{"runtime":"nodejs18","entryPoint":"tweet","source":{"storageSource":{"bucket":"gcf-v2-sources-741389921522-us-central1","object":"tweet/function-source.zip","generation":"1696758296732429"}},"environmentVariables":{"GOOGLE_NODE_RUN_SCRIPTS":""}},"serviceConfig":{"service":"projects/fire-warrior-c0ce3/locations/us-central1/services/tweet","timeoutSeconds":60,"environmentVariables":{"FIREBASE_CONFIG":"{\"projectId\":\"fire-warrior-c0ce3\",\"storageBucket\":\"fire-warrior-c0ce3.appspot.com\"}","GCLOUD_PROJECT":"fire-warrior-c0ce3","EVENTARC_CLOUD_EVENT_SOURCE":"projects/fire-warrior-c0ce3/locations/us-central1/services/tweet"},"maxInstanceCount":100,"ingressSettings":"ALLOW_ALL","serviceAccountEmail":"741389921522-compute@developer.gserviceaccount.com","availableMemory":"256Mi","maxInstanceRequestConcurrency":80,"availableCpu":"1"},"labels":{"deployment-tool":"cli-firebase","deployment-scheduled":"true","firebase-functions-hash":"91d51b609588b84aae3f3c6143a62267ad02bd40"},"environment":"GEN_2"},"stages":[{"name":"BUILD","state":"NOT_STARTED"},{"name":"SERVICE","state":"NOT_STARTED"}]},"done":false}
[debug] [2023-10-08T09:45:00.360Z] [create-default-us-central1-tweet] Retrying task index 0
[debug] [2023-10-08T09:45:00.360Z] >>> [apiv2][query] GET https://cloudfunctions.googleapis.com/v2/projects/fire-warrior-c0ce3/locations/us-central1/operations/operation-1696758296213-607315383f8df-5f2e8c58-276eff9f [none]
[debug] [2023-10-08T09:45:01.188Z] <<< [apiv2][status] GET https://cloudfunctions.googleapis.com/v2/projects/fire-warrior-c0ce3/locations/us-central1/operations/operation-1696758296213-607315383f8df-5f2e8c58-276eff9f 200
[debug] [2023-10-08T09:45:01.188Z] <<< [apiv2][body] GET https://cloudfunctions.googleapis.com/v2/projects/fire-warrior-c0ce3/locations/us-central1/operations/operation-1696758296213-607315383f8df-5f2e8c58-276eff9f {"name":"projects/fire-warrior-c0ce3/locations/us-central1/operations/operation-1696758296213-607315383f8df-5f2e8c58-276eff9f","metadata":{"@type":"type.googleapis.com/google.cloud.functions.v2.OperationMetadata","createTime":"2023-10-08T09:44:57.120201995Z","target":"projects/fire-warrior-c0ce3/locations/us-central1/functions/tweet","verb":"create","cancelRequested":false,"apiVersion":"v2","requestResource":{"@type":"type.googleapis.com/google.cloud.functions.v2.Function","name":"projects/fire-warrior-c0ce3/locations/us-central1/functions/tweet","buildConfig":{"runtime":"nodejs18","entryPoint":"tweet","source":{"storageSource":{"bucket":"gcf-v2-sources-741389921522-us-central1","object":"tweet/function-source.zip","generation":"1696758296732429"}},"environmentVariables":{"GOOGLE_NODE_RUN_SCRIPTS":""}},"serviceConfig":{"service":"projects/fire-warrior-c0ce3/locations/us-central1/services/tweet","timeoutSeconds":60,"environmentVariables":{"FIREBASE_CONFIG":"{\"projectId\":\"fire-warrior-c0ce3\",\"storageBucket\":\"fire-warrior-c0ce3.appspot.com\"}","GCLOUD_PROJECT":"fire-warrior-c0ce3","EVENTARC_CLOUD_EVENT_SOURCE":"projects/fire-warrior-c0ce3/locations/us-central1/services/tweet"},"maxInstanceCount":100,"ingressSettings":"ALLOW_ALL","serviceAccountEmail":"741389921522-compute@developer.gserviceaccount.com","availableMemory":"256Mi","maxInstanceRequestConcurrency":80,"availableCpu":"1"},"labels":{"deployment-tool":"cli-firebase","deployment-scheduled":"true","firebase-functions-hash":"91d51b609588b84aae3f3c6143a62267ad02bd40"},"environment":"GEN_2"},"stages":[{"name":"BUILD","state":"NOT_STARTED"},{"name":"SERVICE","state":"NOT_STARTED"}]},"done":false}
[debug] [2023-10-08T09:45:03.197Z] [create-default-us-central1-tweet] Retrying task index 0
[debug] [2023-10-08T09:45:03.197Z] >>> [apiv2][query] GET https://cloudfunctions.googleapis.com/v2/projects/fire-warrior-c0ce3/locations/us-central1/operations/operation-1696758296213-607315383f8df-5f2e8c58-276eff9f [none]
[debug] [2023-10-08T09:45:04.051Z] <<< [apiv2][status] GET https://cloudfunctions.googleapis.com/v2/projects/fire-warrior-c0ce3/locations/us-central1/operations/operation-1696758296213-607315383f8df-5f2e8c58-276eff9f 200
[debug] [2023-10-08T09:45:04.052Z] <<< [apiv2][body] GET https://cloudfunctions.googleapis.com/v2/projects/fire-warrior-c0ce3/locations/us-central1/operations/operation-1696758296213-607315383f8df-5f2e8c58-276eff9f {"name":"projects/fire-warrior-c0ce3/locations/us-central1/operations/operation-1696758296213-607315383f8df-5f2e8c58-276eff9f","metadata":{"@type":"type.googleapis.com/google.cloud.functions.v2.OperationMetadata","createTime":"2023-10-08T09:44:57.120201995Z","target":"projects/fire-warrior-c0ce3/locations/us-central1/functions/tweet","verb":"create","cancelRequested":false,"apiVersion":"v2","requestResource":{"@type":"type.googleapis.com/google.cloud.functions.v2.Function","name":"projects/fire-warrior-c0ce3/locations/us-central1/functions/tweet","buildConfig":{"runtime":"nodejs18","entryPoint":"tweet","source":{"storageSource":{"bucket":"gcf-v2-sources-741389921522-us-central1","object":"tweet/function-source.zip","generation":"1696758296732429"}},"environmentVariables":{"GOOGLE_NODE_RUN_SCRIPTS":""}},"serviceConfig":{"service":"projects/fire-warrior-c0ce3/locations/us-central1/services/tweet","timeoutSeconds":60,"environmentVariables":{"FIREBASE_CONFIG":"{\"projectId\":\"fire-warrior-c0ce3\",\"storageBucket\":\"fire-warrior-c0ce3.appspot.com\"}","GCLOUD_PROJECT":"fire-warrior-c0ce3","EVENTARC_CLOUD_EVENT_SOURCE":"projects/fire-warrior-c0ce3/locations/us-central1/services/tweet"},"maxInstanceCount":100,"ingressSettings":"ALLOW_ALL","serviceAccountEmail":"741389921522-compute@developer.gserviceaccount.com","availableMemory":"256Mi","maxInstanceRequestConcurrency":80,"availableCpu":"1"},"labels":{"deployment-tool":"cli-firebase","deployment-scheduled":"true","firebase-functions-hash":"91d51b609588b84aae3f3c6143a62267ad02bd40"},"environment":"GEN_2"},"stages":[{"name":"BUILD","state":"NOT_STARTED"},{"name":"SERVICE","state":"NOT_STARTED"}]},"done":false}
[debug] [2023-10-08T09:45:08.053Z] [create-default-us-central1-tweet] Retrying task index 0
[debug] [2023-10-08T09:45:08.054Z] >>> [apiv2][query] GET https://cloudfunctions.googleapis.com/v2/projects/fire-warrior-c0ce3/locations/us-central1/operations/operation-1696758296213-607315383f8df-5f2e8c58-276eff9f [none]
[debug] [2023-10-08T09:45:08.788Z] <<< [apiv2][status] GET https://cloudfunctions.googleapis.com/v2/projects/fire-warrior-c0ce3/locations/us-central1/operations/operation-1696758296213-607315383f8df-5f2e8c58-276eff9f 200
[debug] [2023-10-08T09:45:08.789Z] <<< [apiv2][body] GET https://cloudfunctions.googleapis.com/v2/projects/fire-warrior-c0ce3/locations/us-central1/operations/operation-1696758296213-607315383f8df-5f2e8c58-276eff9f {"name":"projects/fire-warrior-c0ce3/locations/us-central1/operations/operation-1696758296213-607315383f8df-5f2e8c58-276eff9f","metadata":{"@type":"type.googleapis.com/google.cloud.functions.v2.OperationMetadata","createTime":"2023-10-08T09:44:57.120201995Z","target":"projects/fire-warrior-c0ce3/locations/us-central1/functions/tweet","verb":"create","cancelRequested":false,"apiVersion":"v2","requestResource":{"@type":"type.googleapis.com/google.cloud.functions.v2.Function","name":"projects/fire-warrior-c0ce3/locations/us-central1/functions/tweet","buildConfig":{"runtime":"nodejs18","entryPoint":"tweet","source":{"storageSource":{"bucket":"gcf-v2-sources-741389921522-us-central1","object":"tweet/function-source.zip","generation":"1696758296732429"}},"environmentVariables":{"GOOGLE_NODE_RUN_SCRIPTS":""}},"serviceConfig":{"service":"projects/fire-warrior-c0ce3/locations/us-central1/services/tweet","timeoutSeconds":60,"environmentVariables":{"FIREBASE_CONFIG":"{\"projectId\":\"fire-warrior-c0ce3\",\"storageBucket\":\"fire-warrior-c0ce3.appspot.com\"}","GCLOUD_PROJECT":"fire-warrior-c0ce3","EVENTARC_CLOUD_EVENT_SOURCE":"projects/fire-warrior-c0ce3/locations/us-central1/services/tweet"},"maxInstanceCount":100,"ingressSettings":"ALLOW_ALL","serviceAccountEmail":"741389921522-compute@developer.gserviceaccount.com","availableMemory":"256Mi","maxInstanceRequestConcurrency":80,"availableCpu":"1"},"labels":{"deployment-tool":"cli-firebase","deployment-scheduled":"true","firebase-functions-hash":"91d51b609588b84aae3f3c6143a62267ad02bd40"},"environment":"GEN_2"},"stages":[{"name":"BUILD","message":"Build in progress","state":"IN_PROGRESS","resource":"projects/741389921522/locations/us-central1/builds/06f8e5f6-2303-4015-95d7-079c05a62702","resourceUri":"https://console.cloud.google.com/cloud-build/builds;region=us-central1/06f8e5f6-2303-4015-95d7-079c05a62702?project=741389921522"},{"name":"SERVICE","state":"NOT_STARTED"}]},"done":false}
[debug] [2023-10-08T09:45:16.790Z] [create-default-us-central1-tweet] Retrying task index 0
[debug] [2023-10-08T09:45:16.792Z] >>> [apiv2][query] GET https://cloudfunctions.googleapis.com/v2/projects/fire-warrior-c0ce3/locations/us-central1/operations/operation-1696758296213-607315383f8df-5f2e8c58-276eff9f [none]
[debug] [2023-10-08T09:45:17.063Z] <<< [apiv2][status] GET https://cloudfunctions.googleapis.com/v2/projects/fire-warrior-c0ce3/locations/us-central1/operations/operation-1696758296213-607315383f8df-5f2e8c58-276eff9f 200
[debug] [2023-10-08T09:45:17.063Z] <<< [apiv2][body] GET https://cloudfunctions.googleapis.com/v2/projects/fire-warrior-c0ce3/locations/us-central1/operations/operation-1696758296213-607315383f8df-5f2e8c58-276eff9f {"name":"projects/fire-warrior-c0ce3/locations/us-central1/operations/operation-1696758296213-607315383f8df-5f2e8c58-276eff9f","metadata":{"@type":"type.googleapis.com/google.cloud.functions.v2.OperationMetadata","createTime":"2023-10-08T09:44:57.120201995Z","target":"projects/fire-warrior-c0ce3/locations/us-central1/functions/tweet","verb":"create","cancelRequested":false,"apiVersion":"v2","requestResource":{"@type":"type.googleapis.com/google.cloud.functions.v2.Function","name":"projects/fire-warrior-c0ce3/locations/us-central1/functions/tweet","buildConfig":{"runtime":"nodejs18","entryPoint":"tweet","source":{"storageSource":{"bucket":"gcf-v2-sources-741389921522-us-central1","object":"tweet/function-source.zip","generation":"1696758296732429"}},"environmentVariables":{"GOOGLE_NODE_RUN_SCRIPTS":""}},"serviceConfig":{"service":"projects/fire-warrior-c0ce3/locations/us-central1/services/tweet","timeoutSeconds":60,"environmentVariables":{"FIREBASE_CONFIG":"{\"projectId\":\"fire-warrior-c0ce3\",\"storageBucket\":\"fire-warrior-c0ce3.appspot.com\"}","GCLOUD_PROJECT":"fire-warrior-c0ce3","EVENTARC_CLOUD_EVENT_SOURCE":"projects/fire-warrior-c0ce3/locations/us-central1/services/tweet"},"maxInstanceCount":100,"ingressSettings":"ALLOW_ALL","serviceAccountEmail":"741389921522-compute@developer.gserviceaccount.com","availableMemory":"256Mi","maxInstanceRequestConcurrency":80,"availableCpu":"1"},"labels":{"deployment-tool":"cli-firebase","deployment-scheduled":"true","firebase-functions-hash":"91d51b609588b84aae3f3c6143a62267ad02bd40"},"environment":"GEN_2"},"stages":[{"name":"BUILD","message":"Build in progress","state":"IN_PROGRESS","resource":"projects/741389921522/locations/us-central1/builds/06f8e5f6-2303-4015-95d7-079c05a62702","resourceUri":"https://console.cloud.google.com/cloud-build/builds;region=us-central1/06f8e5f6-2303-4015-95d7-079c05a62702?project=741389921522"},{"name":"SERVICE","state":"NOT_STARTED"}]},"done":false}
[debug] [2023-10-08T09:45:27.065Z] [create-default-us-central1-tweet] Retrying task index 0
[debug] [2023-10-08T09:45:27.066Z] >>> [apiv2][query] GET https://cloudfunctions.googleapis.com/v2/projects/fire-warrior-c0ce3/locations/us-central1/operations/operation-1696758296213-607315383f8df-5f2e8c58-276eff9f [none]
[debug] [2023-10-08T09:45:28.009Z] <<< [apiv2][status] GET https://cloudfunctions.googleapis.com/v2/projects/fire-warrior-c0ce3/locations/us-central1/operations/operation-1696758296213-607315383f8df-5f2e8c58-276eff9f 200
[debug] [2023-10-08T09:45:28.009Z] <<< [apiv2][body] GET https://cloudfunctions.googleapis.com/v2/projects/fire-warrior-c0ce3/locations/us-central1/operations/operation-1696758296213-607315383f8df-5f2e8c58-276eff9f {"name":"projects/fire-warrior-c0ce3/locations/us-central1/operations/operation-1696758296213-607315383f8df-5f2e8c58-276eff9f","metadata":{"@type":"type.googleapis.com/google.cloud.functions.v2.OperationMetadata","createTime":"2023-10-08T09:44:57.120201995Z","target":"projects/fire-warrior-c0ce3/locations/us-central1/functions/tweet","verb":"create","cancelRequested":false,"apiVersion":"v2","requestResource":{"@type":"type.googleapis.com/google.cloud.functions.v2.Function","name":"projects/fire-warrior-c0ce3/locations/us-central1/functions/tweet","buildConfig":{"runtime":"nodejs18","entryPoint":"tweet","source":{"storageSource":{"bucket":"gcf-v2-sources-741389921522-us-central1","object":"tweet/function-source.zip","generation":"1696758296732429"}},"environmentVariables":{"GOOGLE_NODE_RUN_SCRIPTS":""}},"serviceConfig":{"service":"projects/fire-warrior-c0ce3/locations/us-central1/services/tweet","timeoutSeconds":60,"environmentVariables":{"FIREBASE_CONFIG":"{\"projectId\":\"fire-warrior-c0ce3\",\"storageBucket\":\"fire-warrior-c0ce3.appspot.com\"}","GCLOUD_PROJECT":"fire-warrior-c0ce3","EVENTARC_CLOUD_EVENT_SOURCE":"projects/fire-warrior-c0ce3/locations/us-central1/services/tweet"},"maxInstanceCount":100,"ingressSettings":"ALLOW_ALL","serviceAccountEmail":"741389921522-compute@developer.gserviceaccount.com","availableMemory":"256Mi","maxInstanceRequestConcurrency":80,"availableCpu":"1"},"labels":{"deployment-tool":"cli-firebase","deployment-scheduled":"true","firebase-functions-hash":"91d51b609588b84aae3f3c6143a62267ad02bd40"},"environment":"GEN_2"},"stages":[{"name":"BUILD","message":"Build in progress","state":"IN_PROGRESS","resource":"projects/741389921522/locations/us-central1/builds/06f8e5f6-2303-4015-95d7-079c05a62702","resourceUri":"https://console.cloud.google.com/cloud-build/builds;region=us-central1/06f8e5f6-2303-4015-95d7-079c05a62702?project=741389921522"},{"name":"SERVICE","state":"NOT_STARTED"}]},"done":false}
[debug] [2023-10-08T09:45:38.011Z] [create-default-us-central1-tweet] Retrying task index 0
[debug] [2023-10-08T09:45:38.011Z] >>> [apiv2][query] GET https://cloudfunctions.googleapis.com/v2/projects/fire-warrior-c0ce3/locations/us-central1/operations/operation-1696758296213-607315383f8df-5f2e8c58-276eff9f [none]
[debug] [2023-10-08T09:45:38.824Z] <<< [apiv2][status] GET https://cloudfunctions.googleapis.com/v2/projects/fire-warrior-c0ce3/locations/us-central1/operations/operation-1696758296213-607315383f8df-5f2e8c58-276eff9f 200
[debug] [2023-10-08T09:45:38.824Z] <<< [apiv2][body] GET https://cloudfunctions.googleapis.com/v2/projects/fire-warrior-c0ce3/locations/us-central1/operations/operation-1696758296213-607315383f8df-5f2e8c58-276eff9f {"name":"projects/fire-warrior-c0ce3/locations/us-central1/operations/operation-1696758296213-607315383f8df-5f2e8c58-276eff9f","metadata":{"@type":"type.googleapis.com/google.cloud.functions.v2.OperationMetadata","createTime":"2023-10-08T09:44:57.120201995Z","target":"projects/fire-warrior-c0ce3/locations/us-central1/functions/tweet","verb":"create","cancelRequested":false,"apiVersion":"v2","requestResource":{"@type":"type.googleapis.com/google.cloud.functions.v2.Function","name":"projects/fire-warrior-c0ce3/locations/us-central1/functions/tweet","buildConfig":{"runtime":"nodejs18","entryPoint":"tweet","source":{"storageSource":{"bucket":"gcf-v2-sources-741389921522-us-central1","object":"tweet/function-source.zip","generation":"1696758296732429"}},"environmentVariables":{"GOOGLE_NODE_RUN_SCRIPTS":""}},"serviceConfig":{"service":"projects/fire-warrior-c0ce3/locations/us-central1/services/tweet","timeoutSeconds":60,"environmentVariables":{"FIREBASE_CONFIG":"{\"projectId\":\"fire-warrior-c0ce3\",\"storageBucket\":\"fire-warrior-c0ce3.appspot.com\"}","GCLOUD_PROJECT":"fire-warrior-c0ce3","EVENTARC_CLOUD_EVENT_SOURCE":"projects/fire-warrior-c0ce3/locations/us-central1/services/tweet"},"maxInstanceCount":100,"ingressSettings":"ALLOW_ALL","serviceAccountEmail":"741389921522-compute@developer.gserviceaccount.com","availableMemory":"256Mi","maxInstanceRequestConcurrency":80,"availableCpu":"1"},"labels":{"deployment-tool":"cli-firebase","deployment-scheduled":"true","firebase-functions-hash":"91d51b609588b84aae3f3c6143a62267ad02bd40"},"environment":"GEN_2"},"stages":[{"name":"BUILD","message":"Build in progress","state":"IN_PROGRESS","resource":"projects/741389921522/locations/us-central1/builds/06f8e5f6-2303-4015-95d7-079c05a62702","resourceUri":"https://console.cloud.google.com/cloud-build/builds;region=us-central1/06f8e5f6-2303-4015-95d7-079c05a62702?project=741389921522"},{"name":"SERVICE","state":"NOT_STARTED"}]},"done":false}
[debug] [2023-10-08T09:45:48.826Z] [create-default-us-central1-tweet] Retrying task index 0
[debug] [2023-10-08T09:45:48.827Z] >>> [apiv2][query] GET https://cloudfunctions.googleapis.com/v2/projects/fire-warrior-c0ce3/locations/us-central1/operations/operation-1696758296213-607315383f8df-5f2e8c58-276eff9f [none]
[debug] [2023-10-08T09:45:49.639Z] <<< [apiv2][status] GET https://cloudfunctions.googleapis.com/v2/projects/fire-warrior-c0ce3/locations/us-central1/operations/operation-1696758296213-607315383f8df-5f2e8c58-276eff9f 200
[debug] [2023-10-08T09:45:49.639Z] <<< [apiv2][body] GET https://cloudfunctions.googleapis.com/v2/projects/fire-warrior-c0ce3/locations/us-central1/operations/operation-1696758296213-607315383f8df-5f2e8c58-276eff9f {"name":"projects/fire-warrior-c0ce3/locations/us-central1/operations/operation-1696758296213-607315383f8df-5f2e8c58-276eff9f","metadata":{"@type":"type.googleapis.com/google.cloud.functions.v2.OperationMetadata","createTime":"2023-10-08T09:44:57.120201995Z","target":"projects/fire-warrior-c0ce3/locations/us-central1/functions/tweet","verb":"create","cancelRequested":false,"apiVersion":"v2","requestResource":{"@type":"type.googleapis.com/google.cloud.functions.v2.Function","name":"projects/fire-warrior-c0ce3/locations/us-central1/functions/tweet","buildConfig":{"runtime":"nodejs18","entryPoint":"tweet","source":{"storageSource":{"bucket":"gcf-v2-sources-741389921522-us-central1","object":"tweet/function-source.zip","generation":"1696758296732429"}},"environmentVariables":{"GOOGLE_NODE_RUN_SCRIPTS":""}},"serviceConfig":{"service":"projects/fire-warrior-c0ce3/locations/us-central1/services/tweet","timeoutSeconds":60,"environmentVariables":{"FIREBASE_CONFIG":"{\"projectId\":\"fire-warrior-c0ce3\",\"storageBucket\":\"fire-warrior-c0ce3.appspot.com\"}","GCLOUD_PROJECT":"fire-warrior-c0ce3","EVENTARC_CLOUD_EVENT_SOURCE":"projects/fire-warrior-c0ce3/locations/us-central1/services/tweet"},"maxInstanceCount":100,"ingressSettings":"ALLOW_ALL","serviceAccountEmail":"741389921522-compute@developer.gserviceaccount.com","availableMemory":"256Mi","maxInstanceRequestConcurrency":80,"availableCpu":"1"},"labels":{"deployment-tool":"cli-firebase","deployment-scheduled":"true","firebase-functions-hash":"91d51b609588b84aae3f3c6143a62267ad02bd40"},"environment":"GEN_2"},"stages":[{"name":"BUILD","message":"Build in progress","state":"IN_PROGRESS","resource":"projects/741389921522/locations/us-central1/builds/06f8e5f6-2303-4015-95d7-079c05a62702","resourceUri":"https://console.cloud.google.com/cloud-build/builds;region=us-central1/06f8e5f6-2303-4015-95d7-079c05a62702?project=741389921522"},{"name":"SERVICE","state":"NOT_STARTED"}]},"done":false}
[debug] [2023-10-08T09:45:59.642Z] [create-default-us-central1-tweet] Retrying task index 0
[debug] [2023-10-08T09:45:59.643Z] >>> [apiv2][query] GET https://cloudfunctions.googleapis.com/v2/projects/fire-warrior-c0ce3/locations/us-central1/operations/operation-1696758296213-607315383f8df-5f2e8c58-276eff9f [none]
[debug] [2023-10-08T09:46:00.462Z] <<< [apiv2][status] GET https://cloudfunctions.googleapis.com/v2/projects/fire-warrior-c0ce3/locations/us-central1/operations/operation-1696758296213-607315383f8df-5f2e8c58-276eff9f 200
[debug] [2023-10-08T09:46:00.462Z] <<< [apiv2][body] GET https://cloudfunctions.googleapis.com/v2/projects/fire-warrior-c0ce3/locations/us-central1/operations/operation-1696758296213-607315383f8df-5f2e8c58-276eff9f {"name":"projects/fire-warrior-c0ce3/locations/us-central1/operations/operation-1696758296213-607315383f8df-5f2e8c58-276eff9f","metadata":{"@type":"type.googleapis.com/google.cloud.functions.v2.OperationMetadata","createTime":"2023-10-08T09:44:57.120201995Z","target":"projects/fire-warrior-c0ce3/locations/us-central1/functions/tweet","verb":"create","cancelRequested":false,"apiVersion":"v2","requestResource":{"@type":"type.googleapis.com/google.cloud.functions.v2.Function","name":"projects/fire-warrior-c0ce3/locations/us-central1/functions/tweet","buildConfig":{"runtime":"nodejs18","entryPoint":"tweet","source":{"storageSource":{"bucket":"gcf-v2-sources-741389921522-us-central1","object":"tweet/function-source.zip","generation":"1696758296732429"}},"environmentVariables":{"GOOGLE_NODE_RUN_SCRIPTS":""}},"serviceConfig":{"service":"projects/fire-warrior-c0ce3/locations/us-central1/services/tweet","timeoutSeconds":60,"environmentVariables":{"FIREBASE_CONFIG":"{\"projectId\":\"fire-warrior-c0ce3\",\"storageBucket\":\"fire-warrior-c0ce3.appspot.com\"}","GCLOUD_PROJECT":"fire-warrior-c0ce3","EVENTARC_CLOUD_EVENT_SOURCE":"projects/fire-warrior-c0ce3/locations/us-central1/services/tweet"},"maxInstanceCount":100,"ingressSettings":"ALLOW_ALL","serviceAccountEmail":"741389921522-compute@developer.gserviceaccount.com","availableMemory":"256Mi","maxInstanceRequestConcurrency":80,"availableCpu":"1"},"labels":{"deployment-tool":"cli-firebase","deployment-scheduled":"true","firebase-functions-hash":"91d51b609588b84aae3f3c6143a62267ad02bd40"},"environment":"GEN_2"},"stages":[{"name":"BUILD","message":"Build finished","state":"COMPLETE","resource":"projects/741389921522/locations/us-central1/builds/06f8e5f6-2303-4015-95d7-079c05a62702","resourceUri":"https://console.cloud.google.com/cloud-build/builds;region=us-central1/06f8e5f6-2303-4015-95d7-079c05a62702?project=741389921522"},{"name":"SERVICE","message":"Creating Cloud Run service","state":"IN_PROGRESS","resource":"projects/fire-warrior-c0ce3/locations/us-central1/services/tweet","resourceUri":"https://console.cloud.google.com/run/detail/us-central1/tweet?project=fire-warrior-c0ce3"}],"sourceToken":"Cldwcm9qZWN0cy83NDEzODk5MjE1MjIvbG9jYXRpb25zL3VzLWNlbnRyYWwxL2J1aWxkcy8wNmY4ZTVmNi0yMzAzLTQwMTUtOTVkNy0wNzljMDVhNjI3MDISS3VzLWNlbnRyYWwxLWRvY2tlci5wa2cuZGV2L2ZpcmUtd2Fycmlvci1jMGNlMy9nY2YtYXJ0aWZhY3RzL3R3ZWV0OnZlcnNpb25fMRjy2aHyyRUiQXByb2plY3RzL2ZpcmUtd2Fycmlvci1jMGNlMy9sb2NhdGlvbnMvdXMtY2VudHJhbDEvZnVuY3Rpb25zL3R3ZWV0KgwI1PSJqQYQyMyM1wMyCG5vZGVqczE4"},"done":false}
[debug] [2023-10-08T09:46:10.463Z] [create-default-us-central1-tweet] Retrying task index 0
[debug] [2023-10-08T09:46:10.463Z] >>> [apiv2][query] GET https://cloudfunctions.googleapis.com/v2/projects/fire-warrior-c0ce3/locations/us-central1/operations/operation-1696758296213-607315383f8df-5f2e8c58-276eff9f [none]
[debug] [2023-10-08T09:46:11.424Z] <<< [apiv2][status] GET https://cloudfunctions.googleapis.com/v2/projects/fire-warrior-c0ce3/locations/us-central1/operations/operation-1696758296213-607315383f8df-5f2e8c58-276eff9f 200
[debug] [2023-10-08T09:46:11.424Z] <<< [apiv2][body] GET https://cloudfunctions.googleapis.com/v2/projects/fire-warrior-c0ce3/locations/us-central1/operations/operation-1696758296213-607315383f8df-5f2e8c58-276eff9f {"name":"projects/fire-warrior-c0ce3/locations/us-central1/operations/operation-1696758296213-607315383f8df-5f2e8c58-276eff9f","metadata":{"@type":"type.googleapis.com/google.cloud.functions.v2.OperationMetadata","createTime":"2023-10-08T09:44:57.120201995Z","target":"projects/fire-warrior-c0ce3/locations/us-central1/functions/tweet","verb":"create","cancelRequested":false,"apiVersion":"v2","requestResource":{"@type":"type.googleapis.com/google.cloud.functions.v2.Function","name":"projects/fire-warrior-c0ce3/locations/us-central1/functions/tweet","buildConfig":{"runtime":"nodejs18","entryPoint":"tweet","source":{"storageSource":{"bucket":"gcf-v2-sources-741389921522-us-central1","object":"tweet/function-source.zip","generation":"1696758296732429"}},"environmentVariables":{"GOOGLE_NODE_RUN_SCRIPTS":""}},"serviceConfig":{"service":"projects/fire-warrior-c0ce3/locations/us-central1/services/tweet","timeoutSeconds":60,"environmentVariables":{"FIREBASE_CONFIG":"{\"projectId\":\"fire-warrior-c0ce3\",\"storageBucket\":\"fire-warrior-c0ce3.appspot.com\"}","GCLOUD_PROJECT":"fire-warrior-c0ce3","EVENTARC_CLOUD_EVENT_SOURCE":"projects/fire-warrior-c0ce3/locations/us-central1/services/tweet"},"maxInstanceCount":100,"ingressSettings":"ALLOW_ALL","serviceAccountEmail":"741389921522-compute@developer.gserviceaccount.com","availableMemory":"256Mi","maxInstanceRequestConcurrency":80,"availableCpu":"1"},"labels":{"deployment-tool":"cli-firebase","deployment-scheduled":"true","firebase-functions-hash":"91d51b609588b84aae3f3c6143a62267ad02bd40"},"environment":"GEN_2"},"stages":[{"name":"BUILD","message":"Build finished","state":"COMPLETE","resource":"projects/741389921522/locations/us-central1/builds/06f8e5f6-2303-4015-95d7-079c05a62702","resourceUri":"https://console.cloud.google.com/cloud-build/builds;region=us-central1/06f8e5f6-2303-4015-95d7-079c05a62702?project=741389921522"},{"name":"SERVICE","message":"Creating Cloud Run service","state":"IN_PROGRESS","resource":"projects/fire-warrior-c0ce3/locations/us-central1/services/tweet","resourceUri":"https://console.cloud.google.com/run/detail/us-central1/tweet?project=fire-warrior-c0ce3"}],"sourceToken":"Cldwcm9qZWN0cy83NDEzODk5MjE1MjIvbG9jYXRpb25zL3VzLWNlbnRyYWwxL2J1aWxkcy8wNmY4ZTVmNi0yMzAzLTQwMTUtOTVkNy0wNzljMDVhNjI3MDISS3VzLWNlbnRyYWwxLWRvY2tlci5wa2cuZGV2L2ZpcmUtd2Fycmlvci1jMGNlMy9nY2YtYXJ0aWZhY3RzL3R3ZWV0OnZlcnNpb25fMRjy2aHyyRUiQXByb2plY3RzL2ZpcmUtd2Fycmlvci1jMGNlMy9sb2NhdGlvbnMvdXMtY2VudHJhbDEvZnVuY3Rpb25zL3R3ZWV0KgwI1PSJqQYQyMyM1wMyCG5vZGVqczE4"},"done":false}
[debug] [2023-10-08T09:46:21.427Z] [create-default-us-central1-tweet] Retrying task index 0
[debug] [2023-10-08T09:46:21.428Z] >>> [apiv2][query] GET https://cloudfunctions.googleapis.com/v2/projects/fire-warrior-c0ce3/locations/us-central1/operations/operation-1696758296213-607315383f8df-5f2e8c58-276eff9f [none]
[debug] [2023-10-08T09:46:22.690Z] <<< [apiv2][status] GET https://cloudfunctions.googleapis.com/v2/projects/fire-warrior-c0ce3/locations/us-central1/operations/operation-1696758296213-607315383f8df-5f2e8c58-276eff9f 200
[debug] [2023-10-08T09:46:22.691Z] <<< [apiv2][body] GET https://cloudfunctions.googleapis.com/v2/projects/fire-warrior-c0ce3/locations/us-central1/operations/operation-1696758296213-607315383f8df-5f2e8c58-276eff9f {"name":"projects/fire-warrior-c0ce3/locations/us-central1/operations/operation-1696758296213-607315383f8df-5f2e8c58-276eff9f","metadata":{"@type":"type.googleapis.com/google.cloud.functions.v2.OperationMetadata","createTime":"2023-10-08T09:44:57.120201995Z","target":"projects/fire-warrior-c0ce3/locations/us-central1/functions/tweet","verb":"create","cancelRequested":false,"apiVersion":"v2","requestResource":{"@type":"type.googleapis.com/google.cloud.functions.v2.Function","name":"projects/fire-warrior-c0ce3/locations/us-central1/functions/tweet","buildConfig":{"runtime":"nodejs18","entryPoint":"tweet","source":{"storageSource":{"bucket":"gcf-v2-sources-741389921522-us-central1","object":"tweet/function-source.zip","generation":"1696758296732429"}},"environmentVariables":{"GOOGLE_NODE_RUN_SCRIPTS":""}},"serviceConfig":{"service":"projects/fire-warrior-c0ce3/locations/us-central1/services/tweet","timeoutSeconds":60,"environmentVariables":{"FIREBASE_CONFIG":"{\"projectId\":\"fire-warrior-c0ce3\",\"storageBucket\":\"fire-warrior-c0ce3.appspot.com\"}","GCLOUD_PROJECT":"fire-warrior-c0ce3","EVENTARC_CLOUD_EVENT_SOURCE":"projects/fire-warrior-c0ce3/locations/us-central1/services/tweet"},"maxInstanceCount":100,"ingressSettings":"ALLOW_ALL","serviceAccountEmail":"741389921522-compute@developer.gserviceaccount.com","availableMemory":"256Mi","maxInstanceRequestConcurrency":80,"availableCpu":"1"},"labels":{"deployment-tool":"cli-firebase","deployment-scheduled":"true","firebase-functions-hash":"91d51b609588b84aae3f3c6143a62267ad02bd40"},"environment":"GEN_2"},"stages":[{"name":"BUILD","message":"Build finished","state":"COMPLETE","resource":"projects/741389921522/locations/us-central1/builds/06f8e5f6-2303-4015-95d7-079c05a62702","resourceUri":"https://console.cloud.google.com/cloud-build/builds;region=us-central1/06f8e5f6-2303-4015-95d7-079c05a62702?project=741389921522"},{"name":"SERVICE","message":"Creating Cloud Run service","state":"IN_PROGRESS","resource":"projects/fire-warrior-c0ce3/locations/us-central1/services/tweet","resourceUri":"https://console.cloud.google.com/run/detail/us-central1/tweet?project=fire-warrior-c0ce3"}],"sourceToken":"Cldwcm9qZWN0cy83NDEzODk5MjE1MjIvbG9jYXRpb25zL3VzLWNlbnRyYWwxL2J1aWxkcy8wNmY4ZTVmNi0yMzAzLTQwMTUtOTVkNy0wNzljMDVhNjI3MDISS3VzLWNlbnRyYWwxLWRvY2tlci5wa2cuZGV2L2ZpcmUtd2Fycmlvci1jMGNlMy9nY2YtYXJ0aWZhY3RzL3R3ZWV0OnZlcnNpb25fMRjy2aHyyRUiQXByb2plY3RzL2ZpcmUtd2Fycmlvci1jMGNlMy9sb2NhdGlvbnMvdXMtY2VudHJhbDEvZnVuY3Rpb25zL3R3ZWV0KgwI1PSJqQYQyMyM1wMyCG5vZGVqczE4"},"done":false}
[debug] [2023-10-08T09:46:32.693Z] [create-default-us-central1-tweet] Retrying task index 0
[debug] [2023-10-08T09:46:32.694Z] >>> [apiv2][query] GET https://cloudfunctions.googleapis.com/v2/projects/fire-warrior-c0ce3/locations/us-central1/operations/operation-1696758296213-607315383f8df-5f2e8c58-276eff9f [none]
[debug] [2023-10-08T09:46:33.558Z] <<< [apiv2][status] GET https://cloudfunctions.googleapis.com/v2/projects/fire-warrior-c0ce3/locations/us-central1/operations/operation-1696758296213-607315383f8df-5f2e8c58-276eff9f 200
[debug] [2023-10-08T09:46:33.559Z] <<< [apiv2][body] GET https://cloudfunctions.googleapis.com/v2/projects/fire-warrior-c0ce3/locations/us-central1/operations/operation-1696758296213-607315383f8df-5f2e8c58-276eff9f {"name":"projects/fire-warrior-c0ce3/locations/us-central1/operations/operation-1696758296213-607315383f8df-5f2e8c58-276eff9f","metadata":{"@type":"type.googleapis.com/google.cloud.functions.v2.OperationMetadata","createTime":"2023-10-08T09:44:57.120201995Z","endTime":"2023-10-08T09:46:23.394996188Z","target":"projects/fire-warrior-c0ce3/locations/us-central1/functions/tweet","verb":"create","cancelRequested":false,"apiVersion":"v2","requestResource":{"@type":"type.googleapis.com/google.cloud.functions.v2.Function","name":"projects/fire-warrior-c0ce3/locations/us-central1/functions/tweet","buildConfig":{"runtime":"nodejs18","entryPoint":"tweet","source":{"storageSource":{"bucket":"gcf-v2-sources-741389921522-us-central1","object":"tweet/function-source.zip","generation":"1696758296732429"}},"environmentVariables":{"GOOGLE_NODE_RUN_SCRIPTS":""}},"serviceConfig":{"service":"projects/fire-warrior-c0ce3/locations/us-central1/services/tweet","timeoutSeconds":60,"environmentVariables":{"FIREBASE_CONFIG":"{\"projectId\":\"fire-warrior-c0ce3\",\"storageBucket\":\"fire-warrior-c0ce3.appspot.com\"}","GCLOUD_PROJECT":"fire-warrior-c0ce3","EVENTARC_CLOUD_EVENT_SOURCE":"projects/fire-warrior-c0ce3/locations/us-central1/services/tweet"},"maxInstanceCount":100,"ingressSettings":"ALLOW_ALL","serviceAccountEmail":"741389921522-compute@developer.gserviceaccount.com","availableMemory":"256Mi","maxInstanceRequestConcurrency":80,"availableCpu":"1"},"labels":{"deployment-tool":"cli-firebase","deployment-scheduled":"true","firebase-functions-hash":"91d51b609588b84aae3f3c6143a62267ad02bd40"},"environment":"GEN_2"},"stages":[{"name":"BUILD","message":"Build finished","state":"COMPLETE","resource":"projects/741389921522/locations/us-central1/builds/06f8e5f6-2303-4015-95d7-079c05a62702","resourceUri":"https://console.cloud.google.com/cloud-build/builds;region=us-central1/06f8e5f6-2303-4015-95d7-079c05a62702?project=741389921522"},{"name":"SERVICE","message":"Creating Cloud Run service","state":"COMPLETE","resource":"projects/fire-warrior-c0ce3/locations/us-central1/services/tweet","resourceUri":"https://console.cloud.google.com/run/detail/us-central1/tweet?project=fire-warrior-c0ce3"}],"sourceToken":"Cldwcm9qZWN0cy83NDEzODk5MjE1MjIvbG9jYXRpb25zL3VzLWNlbnRyYWwxL2J1aWxkcy8wNmY4ZTVmNi0yMzAzLTQwMTUtOTVkNy0wNzljMDVhNjI3MDISS3VzLWNlbnRyYWwxLWRvY2tlci5wa2cuZGV2L2ZpcmUtd2Fycmlvci1jMGNlMy9nY2YtYXJ0aWZhY3RzL3R3ZWV0OnZlcnNpb25fMRjy2aHyyRUiQXByb2plY3RzL2ZpcmUtd2Fycmlvci1jMGNlMy9sb2NhdGlvbnMvdXMtY2VudHJhbDEvZnVuY3Rpb25zL3R3ZWV0KgwI1PSJqQYQyMyM1wMyCG5vZGVqczE4"},"done":true,"response":{"@type":"type.googleapis.com/google.cloud.functions.v2.Function","name":"projects/fire-warrior-c0ce3/locations/us-central1/functions/tweet","buildConfig":{"build":"projects/741389921522/locations/us-central1/builds/06f8e5f6-2303-4015-95d7-079c05a62702","runtime":"nodejs18","entryPoint":"tweet","source":{"storageSource":{"bucket":"gcf-v2-sources-741389921522-us-central1","object":"tweet/function-source.zip","generation":"1696758296732429"}},"environmentVariables":{"GOOGLE_NODE_RUN_SCRIPTS":""},"sourceProvenance":{"resolvedStorageSource":{"bucket":"gcf-v2-sources-741389921522-us-central1","object":"tweet/function-source.zip","generation":"1696758296732429"}},"dockerRegistry":"ARTIFACT_REGISTRY"},"serviceConfig":{"service":"projects/fire-warrior-c0ce3/locations/us-central1/services/tweet","timeoutSeconds":60,"environmentVariables":{"FIREBASE_CONFIG":"{\"projectId\":\"fire-warrior-c0ce3\",\"storageBucket\":\"fire-warrior-c0ce3.appspot.com\"}","GCLOUD_PROJECT":"fire-warrior-c0ce3","EVENTARC_CLOUD_EVENT_SOURCE":"projects/fire-warrior-c0ce3/locations/us-central1/services/tweet"},"maxInstanceCount":100,"ingressSettings":"ALLOW_ALL","uri":"https://tweet-umjcxg3hoa-uc.a.run.app","serviceAccountEmail":"741389921522-compute@developer.gserviceaccount.com","availableMemory":"256Mi","allTrafficOnLatestRevision":true,"revision":"tweet-00001-viz","maxInstanceRequestConcurrency":80,"availableCpu":"1"},"state":"ACTIVE","updateTime":"2023-10-08T09:44:57.116381018Z","labels":{"deployment-tool":"cli-firebase","deployment-scheduled":"true","firebase-functions-hash":"91d51b609588b84aae3f3c6143a62267ad02bd40"},"environment":"GEN_2","url":"https://us-central1-fire-warrior-c0ce3.cloudfunctions.net/tweet"}}
[debug] [2023-10-08T09:46:33.562Z] >>> [apiv2][query] POST https://run.googleapis.com/v1/projects/fire-warrior-c0ce3/locations/us-central1/services/tweet:setIamPolicy [none]
[debug] [2023-10-08T09:46:33.562Z] >>> [apiv2][body] POST https://run.googleapis.com/v1/projects/fire-warrior-c0ce3/locations/us-central1/services/tweet:setIamPolicy {"policy":{"bindings":[{"role":"roles/run.invoker","members":["serviceAccount:741389921522-compute@developer.gserviceaccount.com"]}],"etag":"","version":3},"updateMask":"bindings,etag,version"}
[debug] [2023-10-08T09:46:38.184Z] <<< [apiv2][status] POST https://run.googleapis.com/v1/projects/fire-warrior-c0ce3/locations/us-central1/services/tweet:setIamPolicy 200
[debug] [2023-10-08T09:46:38.184Z] <<< [apiv2][body] POST https://run.googleapis.com/v1/projects/fire-warrior-c0ce3/locations/us-central1/services/tweet:setIamPolicy {"version":1,"etag":"BwYHMVmVvKc=","bindings":[{"role":"roles/run.invoker","members":["serviceAccount:741389921522-compute@developer.gserviceaccount.com"]}]}
[debug] [2023-10-08T09:46:38.185Z] >>> [apiv2][query] GET https://cloudscheduler.googleapis.com/v1/projects/fire-warrior-c0ce3/locations/us-central1/jobs/firebase-schedule-tweet-us-central1 [none]
[debug] [2023-10-08T09:46:38.731Z] <<< [apiv2][status] GET https://cloudscheduler.googleapis.com/v1/projects/fire-warrior-c0ce3/locations/us-central1/jobs/firebase-schedule-tweet-us-central1 404
[debug] [2023-10-08T09:46:38.732Z] <<< [apiv2][body] GET https://cloudscheduler.googleapis.com/v1/projects/fire-warrior-c0ce3/locations/us-central1/jobs/firebase-schedule-tweet-us-central1 {"error":{"code":404,"message":"Job not found.","status":"NOT_FOUND"}}
[debug] [2023-10-08T09:46:38.732Z] >>> [apiv2][query] POST https://cloudscheduler.googleapis.com/v1/projects/fire-warrior-c0ce3/locations/us-central1/jobs [none]
[debug] [2023-10-08T09:46:38.732Z] >>> [apiv2][body] POST https://cloudscheduler.googleapis.com/v1/projects/fire-warrior-c0ce3/locations/us-central1/jobs {"timeZone":"UTC","name":"projects/fire-warrior-c0ce3/locations/us-central1/jobs/firebase-schedule-tweet-us-central1","httpTarget":{"uri":"https://tweet-umjcxg3hoa-uc.a.run.app","httpMethod":"POST","oidcToken":{"serviceAccountEmail":"741389921522-compute@developer.gserviceaccount.com"}},"schedule":"0 */4 * *","retryConfig":{"maxDoublings":null,"retryCount":null,"maxBackoffDuration":null,"minBackoffDuration":null,"maxRetryDuration":null}}
[debug] [2023-10-08T09:46:40.714Z] <<< [apiv2][status] POST https://cloudscheduler.googleapis.com/v1/projects/fire-warrior-c0ce3/locations/us-central1/jobs 400
[debug] [2023-10-08T09:46:40.715Z] <<< [apiv2][body] POST https://cloudscheduler.googleapis.com/v1/projects/fire-warrior-c0ce3/locations/us-central1/jobs {"error":{"code":400,"message":"Schedule or time zone is invalid.","status":"INVALID_ARGUMENT"}}
[error] Failed to create scheduler job projects/fire-warrior-c0ce3/locations/us-central1/jobs/firebase-schedule-tweet-us-central1: HTTP Error: 400, Schedule or time zone is invalid.
[debug] [2023-10-08T09:46:40.728Z] Total Function Deployment time: 105249
[debug] [2023-10-08T09:46:40.728Z] 1 Functions Deployed
[debug] [2023-10-08T09:46:40.728Z] 1 Functions Errored
[debug] [2023-10-08T09:46:40.728Z] 0 Function Deployments Aborted
[debug] [2023-10-08T09:46:40.728Z] Average Function Deployment time: 105248
[info] 
[info] Functions deploy had errors with the following functions:
	tweet(us-central1)
[info] i  functions: cleaning up build files... 
[debug] [2023-10-08T09:46:40.869Z] >>> [apiv2][query] DELETE https://artifactregistry.googleapis.com/v1beta2/projects/fire-warrior-c0ce3/locations/us-central1/repositories/gcf-artifacts/packages/tweet [none]
[debug] [2023-10-08T09:46:40.872Z] >>> [apiv2][query] GET https://us.gcr.io/v2/fire-warrior-c0ce3/gcf/us-central1/tags/list [none]
[debug] [2023-10-08T09:46:41.766Z] <<< [apiv2][status] DELETE https://artifactregistry.googleapis.com/v1beta2/projects/fire-warrior-c0ce3/locations/us-central1/repositories/gcf-artifacts/packages/tweet 200
[debug] [2023-10-08T09:46:41.766Z] <<< [apiv2][body] DELETE https://artifactregistry.googleapis.com/v1beta2/projects/fire-warrior-c0ce3/locations/us-central1/repositories/gcf-artifacts/packages/tweet {"name":"projects/fire-warrior-c0ce3/locations/us-central1/operations/a9458d2f-25b9-41d9-a5cb-0c393295b0eb","metadata":{"@type":"type.googleapis.com/google.devtools.artifactregistry.v1beta2.OperationMetadata"}}
[debug] [2023-10-08T09:46:41.767Z] >>> [apiv2][query] GET https://artifactregistry.googleapis.com/v1beta2/projects/fire-warrior-c0ce3/locations/us-central1/operations/a9458d2f-25b9-41d9-a5cb-0c393295b0eb [none]
[debug] [2023-10-08T09:46:42.682Z] <<< [apiv2][status] GET https://artifactregistry.googleapis.com/v1beta2/projects/fire-warrior-c0ce3/locations/us-central1/operations/a9458d2f-25b9-41d9-a5cb-0c393295b0eb 200
[debug] [2023-10-08T09:46:42.682Z] <<< [apiv2][body] GET https://artifactregistry.googleapis.com/v1beta2/projects/fire-warrior-c0ce3/locations/us-central1/operations/a9458d2f-25b9-41d9-a5cb-0c393295b0eb {"name":"projects/fire-warrior-c0ce3/locations/us-central1/operations/a9458d2f-25b9-41d9-a5cb-0c393295b0eb","metadata":{"@type":"type.googleapis.com/google.devtools.artifactregistry.v1beta2.OperationMetadata"},"done":true,"response":{"@type":"type.googleapis.com/google.protobuf.Empty"}}
[debug] [2023-10-08T09:46:43.119Z] <<< [apiv2][status] GET https://us.gcr.io/v2/fire-warrior-c0ce3/gcf/us-central1/tags/list 200
[debug] [2023-10-08T09:46:43.120Z] <<< [apiv2][body] GET https://us.gcr.io/v2/fire-warrior-c0ce3/gcf/us-central1/tags/list {"child":[],"manifest":{},"name":"fire-warrior-c0ce3/gcf/us-central1","tags":[]}
[debug] [2023-10-08T09:46:43.120Z] Could not find image for function projects/fire-warrior-c0ce3/locations/us-central1/functions/tweet
[debug] [2023-10-08T09:46:43.120Z] Functions deploy failed.
[debug] [2023-10-08T09:46:43.121Z] {
  "endpoint": {
    "id": "tweet",
    "project": "fire-warrior-c0ce3",
    "region": "us-central1",
    "entryPoint": "tweet",
    "platform": "gcfv2",
    "runtime": "nodejs18",
    "scheduleTrigger": {
      "schedule": "0 */4 * *",
      "timeZone": null,
      "retryConfig": {
        "maxBackoffSeconds": null,
        "minBackoffSeconds": null,
        "maxRetrySeconds": null,
        "retryCount": null,
        "maxDoublings": null
      }
    },
    "labels": {
      "deployment-tool": "cli-firebase"
    },
    "serviceAccount": null,
    "ingressSettings": null,
    "availableMemoryMb": null,
    "timeoutSeconds": null,
    "maxInstances": null,
    "minInstances": null,
    "concurrency": 80,
    "vpc": null,
    "environmentVariables": {
      "FIREBASE_CONFIG": "{\"projectId\":\"fire-warrior-c0ce3\",\"storageBucket\":\"fire-warrior-c0ce3.appspot.com\"}",
      "GCLOUD_PROJECT": "fire-warrior-c0ce3",
      "EVENTARC_CLOUD_EVENT_SOURCE": "projects/fire-warrior-c0ce3/locations/us-central1/services/tweet"
    },
    "codebase": "default",
    "cpu": 1,
    "targetedByOnly": false,
    "hash": "91d51b609588b84aae3f3c6143a62267ad02bd40",
    "uri": "https://tweet-umjcxg3hoa-uc.a.run.app",
    "runServiceId": "tweet"
  },
  "op": "upsert schedule",
  "original": {
    "name": "FirebaseError",
    "children": [],
    "exit": 1,
    "message": "Failed to create scheduler job projects/fire-warrior-c0ce3/locations/us-central1/jobs/firebase-schedule-tweet-us-central1: HTTP Error: 400, Schedule or time zone is invalid.",
    "status": 500,
    "code": 500
  }
}
[debug] [2023-10-08T09:46:43.183Z] Error: Failed to upsert schedule function tweet in region us-central1
    at /opt/homebrew/lib/node_modules/firebase-tools/lib/deploy/functions/release/fabricator.js:51:11
    at process.processTicksAndRejections (node:internal/process/task_queues:95:5)
    at async Fabricator.upsertScheduleV2 (/opt/homebrew/lib/node_modules/firebase-tools/lib/deploy/functions/release/fabricator.js:502:9)
    at async Fabricator.setTrigger (/opt/homebrew/lib/node_modules/firebase-tools/lib/deploy/functions/release/fabricator.js:463:17)
    at async Fabricator.createEndpoint (/opt/homebrew/lib/node_modules/firebase-tools/lib/deploy/functions/release/fabricator.js:140:9)
    at async handle (/opt/homebrew/lib/node_modules/firebase-tools/lib/deploy/functions/release/fabricator.js:88:17)
[error] 
[error] Error: There was an error deploying functions
